<?xml version="1.0" encoding="UTF-8"?>
<!-- Generated by org.testng.reporters.JUnitXMLReporter -->
<testsuite hostname="DESKTOP-INQUNRP" ignored="4" name="Regression Test" tests="3" failures="2" timestamp="2021-11-18T20:32:14 EST" time="14.269" errors="0">
  <testcase name="badPassword" time="0.821" classname="com.Omecen.LoginTests.NegativeLoginTest"/>
  <testcase name="validCredentialTest" time="0.002" classname="com.Omecen.LoginTests.PositiveLoginTest">
    <failure type="java.lang.NullPointerException">
      <![CDATA[java.lang.NullPointerException
at org.openqa.selenium.support.pagefactory.DefaultElementLocator.findElement(DefaultElementLocator.java:69)
at org.openqa.selenium.support.pagefactory.internal.LocatingElementHandler.invoke(LocatingElementHandler.java:38)
at com.sun.proxy.$Proxy9.clear(Unknown Source)
at com.Omecen.LoginPages.LoginPage.userName(LoginPage.java:20)
at com.Omecen.LoginTests.PositiveLoginTest.validCredentialTest(PositiveLoginTest.java:14)
at java.util.ArrayList.forEach(Unknown Source)
... Removed 27 stack frames]]>
    </failure>
  </testcase> <!-- validCredentialTest -->
  <testcase name="clickInvoiceTest" time="0.002" classname="com.Omecen.NewInvoiceTests.InvoiceLinkTest">
    <failure type="java.lang.NullPointerException">
      <![CDATA[java.lang.NullPointerException
at org.openqa.selenium.support.pagefactory.DefaultElementLocator.findElement(DefaultElementLocator.java:69)
at org.openqa.selenium.support.pagefactory.internal.LocatingElementHandler.invoke(LocatingElementHandler.java:38)
at com.sun.proxy.$Proxy9.clear(Unknown Source)
at com.Omecen.LoginPages.LoginPage.userName(LoginPage.java:20)
at com.Omecen.LoginPages.LoginPage.loginRegTest(LoginPage.java:39)
at com.Omecen.NewInvoiceTests.InvoiceLinkTest.clickInvoiceTest(InvoiceLinkTest.java:14)
at java.util.ArrayList.forEach(Unknown Source)
... Removed 27 stack frames]]>
    </failure>
  </testcase> <!-- clickInvoiceTest -->
  <testcase name="@AfterTest tearDown" time="0.0" classname="com.Omecen.Base.BaseTest">
    <ignored/>
  </testcase> <!-- @AfterTest tearDown -->
  <testcase name="@AfterTest tearDown" time="0.0" classname="com.Omecen.Base.BaseTest">
    <ignored/>
  </testcase> <!-- @AfterTest tearDown -->
  <testcase name="@BeforeTest OpenApp" time="0.0" classname="com.Omecen.Base.BaseTest">
    <ignored/>
  </testcase> <!-- @BeforeTest OpenApp -->
  <testcase name="@BeforeTest OpenApp" time="0.0" classname="com.Omecen.Base.BaseTest">
    <ignored/>
  </testcase> <!-- @BeforeTest OpenApp -->
</testsuite> <!-- Regression Test -->
